%!Adobe-FontList 1.19
%Locale:0x412

%BeginFont
Handler:DirectoryHandler
FontType:TrueType
FontName:CarterOne
FamilyName:Carter One
StyleName:Regular
FullName:Carter One
MenuName:Carter One
StyleBits:0
WritingScript:Roman
OutlineFileName:C:\Users\Torbjorn\Desktop\Bifrost\assets\Font\CarterOne-Regular.ttf
DataFormat:sfntData
hasSVG:no
VariableFontType:NonVariableFont
FileLength:64792
FileModTime:1304434800
WeightClass:400
WidthClass:5
AngleClass:0
NameArray:0,Win,1,Carter One
%EndFont

%BeginFont
Handler:DirectoryHandler
FontType:Invalid
OutlineFileName:C:\Users\Torbjorn\Desktop\Bifrost\assets\Font\OFL.txt
FileModTime:1304434800
%EndFont

